0 info it worked if it ends with ok
1 verbose cli [ '/usr/bin/nodejs', '/usr/bin/npm', 'run', 'deploy' ]
2 info using npm@3.10.10
3 info using node@v6.10.0
4 verbose run-script [ 'predeploy', 'deploy', 'postdeploy' ]
5 info lifecycle reactApp@1.0.0~predeploy: reactApp@1.0.0
6 silly lifecycle reactApp@1.0.0~predeploy: no script for predeploy, continuing
7 info lifecycle reactApp@1.0.0~deploy: reactApp@1.0.0
8 verbose lifecycle reactApp@1.0.0~deploy: unsafe-perm in lifecycle true
9 verbose lifecycle reactApp@1.0.0~deploy: PATH: /usr/lib/node_modules/npm/bin/node-gyp-bin:/home/sangwan/Documents/reactApp/node_modules/.bin:/usr/local/sbin:/usr/local/bin:/usr/sbin:/usr/bin:/sbin:/bin:/usr/games:/usr/local/games
10 verbose lifecycle reactApp@1.0.0~deploy: CWD: /home/sangwan/Documents/reactApp
11 silly lifecycle reactApp@1.0.0~deploy: Args: [ '-c', 'npm run build &&gh-pages -d build' ]
12 silly lifecycle reactApp@1.0.0~deploy: Returned: code: 1  signal: null
13 info lifecycle reactApp@1.0.0~deploy: Failed to exec deploy script
14 verbose stack Error: reactApp@1.0.0 deploy: `npm run build &&gh-pages -d build`
14 verbose stack Exit status 1
14 verbose stack     at EventEmitter.<anonymous> (/usr/lib/node_modules/npm/lib/utils/lifecycle.js:255:16)
14 verbose stack     at emitTwo (events.js:106:13)
14 verbose stack     at EventEmitter.emit (events.js:191:7)
14 verbose stack     at ChildProcess.<anonymous> (/usr/lib/node_modules/npm/lib/utils/spawn.js:40:14)
14 verbose stack     at emitTwo (events.js:106:13)
14 verbose stack     at ChildProcess.emit (events.js:191:7)
14 verbose stack     at maybeClose (internal/child_process.js:877:16)
14 verbose stack     at Process.ChildProcess._handle.onexit (internal/child_process.js:226:5)
15 verbose pkgid reactApp@1.0.0
16 verbose cwd /home/sangwan/Documents/reactApp
17 error Linux 3.13.0-112-generic
18 error argv "/usr/bin/nodejs" "/usr/bin/npm" "run" "deploy"
19 error node v6.10.0
20 error npm  v3.10.10
21 error code ELIFECYCLE
22 error reactApp@1.0.0 deploy: `npm run build &&gh-pages -d build`
22 error Exit status 1
23 error Failed at the reactApp@1.0.0 deploy script 'npm run build &&gh-pages -d build'.
23 error Make sure you have the latest version of node.js and npm installed.
23 error If you do, this is most likely a problem with the reactApp package,
23 error not with npm itself.
23 error Tell the author that this fails on your system:
23 error     npm run build &&gh-pages -d build
23 error You can get information on how to open an issue for this project with:
23 error     npm bugs reactApp
23 error Or if that isn't available, you can get their info via:
23 error     npm owner ls reactApp
23 error There is likely additional logging output above.
24 verbose exit [ 1, true ]
